android_app/app/build/intermediates/manifest_merge_blame_file/debug/manifest-merger-blame-debug-report.txt
1<?xml version="1.0" encoding="utf-8"?>
2<manifest xmlns:android="http://schemas.android.com/apk/res/android"
3    package="com.photo.selection"
4    android:versionCode="1"
5    android:versionName="1.0" >
6
7    <uses-sdk
8        android:minSdkVersion="24"
9        android:targetSdkVersion="34" />
10
11    <uses-permission android:name="android.permission.INTERNET" />
11-->src/main/AndroidManifest.xml:5:5-67
11-->src/main/AndroidManifest.xml:5:22-64
12
13    <application
13-->src/main/AndroidManifest.xml:7:5-19:19
14        android:allowBackup="true"
14-->src/main/AndroidManifest.xml:8:9-35
15        android:debuggable="true"
16        android:extractNativeLibs="false"
17        android:label="Photo Selection"
17-->src/main/AndroidManifest.xml:9:9-40
18        android:supportsRtl="true" >
18-->src/main/AndroidManifest.xml:10:9-35
19        <activity
19-->src/main/AndroidManifest.xml:11:9-18:20
20            android:name="com.photo.selection.MainActivity"
20-->src/main/AndroidManifest.xml:12:13-41
21            android:exported="true" >
21-->src/main/AndroidManifest.xml:13:13-36
22            <intent-filter>
22-->src/main/AndroidManifest.xml:14:13-17:29
23                <action android:name="android.intent.action.MAIN" />
23-->src/main/AndroidManifest.xml:15:17-69
23-->src/main/AndroidManifest.xml:15:25-66
24
25                <category android:name="android.intent.category.LAUNCHER" />
25-->src/main/AndroidManifest.xml:16:17-77
25-->src/main/AndroidManifest.xml:16:27-74
26            </intent-filter>
27        </activity>
28    </application>
29
30</manifest>